TN:
SF:src/calculator.js
FN:1,add
FN:5,subtract
FN:9,divide
FN:16,unusedHelper
FNF:4
FNH:3
FNDA:2,add
FNDA:1,subtract
FNDA:1,divide
FNDA:0,unusedHelper
DA:1,2
DA:2,2
DA:3,2
DA:4,1
DA:5,1
DA:6,1
DA:7,1
DA:8,1
DA:9,1
DA:10,1
DA:11,0
DA:12,0
DA:13,1
DA:14,1
DA:15,1
DA:16,0
DA:17,0
DA:18,0
DA:19,0
DA:20,1
DA:21,1
LF:21
LH:15
BRDA:1,0,0,1
BRDA:1,1,0,2
BRDA:5,2,0,1
BRDA:9,3,0,1
BRDA:10,4,0,0
BRF:5
BRH:4
end_of_record
TN:
SF:src/greeter.js
FN:3,greet
FN:10,countGreetings
FN:14,neverCalled
FNF:3
FNH:2
FNDA:1,greet
FNDA:1,countGreetings
FNDA:0,neverCalled
DA:1,1
DA:2,1
DA:3,1
DA:4,1
DA:5,0
DA:6,0
DA:7,1
DA:8,1
DA:9,1
DA:10,1
DA:11,1
DA:12,1
DA:13,1
DA:14,0
DA:15,0
DA:16,0
DA:17,0
DA:18,1
DA:19,1
LF:19
LH:13
BRDA:1,0,0,1
BRDA:3,1,0,1
BRDA:4,2,0,0
BRDA:10,3,0,1
BRF:4
BRH:3
end_of_record
